<?xml version="1.0" encoding="UTF-8"?>
<testsuite name="com.illiteratesardine.adventofcode2020.Day2Spec" tests="4" skipped="0" failures="0" errors="0" timestamp="2020-12-24T02:48:20" hostname="Peters-MacBook-Pro-3.local" time="0.324">
  <properties/>
  <testcase name="should calculate part 1" classname="com.illiteratesardine.adventofcode2020.Day2Spec" time="0.276"/>
  <testcase name="should calculate part 1 test" classname="com.illiteratesardine.adventofcode2020.Day2Spec" time="0.003"/>
  <testcase name="should calculate part 2" classname="com.illiteratesardine.adventofcode2020.Day2Spec" time="0.042"/>
  <testcase name="should calculate part 2 test" classname="com.illiteratesardine.adventofcode2020.Day2Spec" time="0.001"/>
  <system-out><![CDATA[]]></system-out>
  <system-err><![CDATA[]]></system-err>
</testsuite>
