<?xml version="1.0" encoding="UTF-8"?>
<testsuite name="com.illiteratesardine.adventofcode2020.Day1Spec" tests="4" skipped="0" failures="1" errors="0" timestamp="2020-12-24T01:14:46" hostname="Peters-MacBook-Pro-3.local" time="1.079">
  <properties/>
  <testcase name="should calculate part 1" classname="com.illiteratesardine.adventofcode2020.Day1Spec" time="0.267"/>
  <testcase name="should calculate part 1 test" classname="com.illiteratesardine.adventofcode2020.Day1Spec" time="0.002"/>
  <testcase name="should calculate part 2" classname="com.illiteratesardine.adventofcode2020.Day1Spec" time="0.808">
    <failure message="Condition not satisfied:&#10;&#10;answer == 0&#10;|      |&#10;|      false&#10;193171814&#10;" type="org.spockframework.runtime.SpockComparisonFailure">Condition not satisfied:

answer == 0
|      |
|      false
193171814

	at com.illiteratesardine.adventofcode2020.Day1Spec.should calculate part 2(Day1Spec.groovy:35)
</failure>
  </testcase>
  <testcase name="should calculate part 2 test" classname="com.illiteratesardine.adventofcode2020.Day1Spec" time="0.001"/>
  <system-out><![CDATA[]]></system-out>
  <system-err><![CDATA[]]></system-err>
</testsuite>
