<?xml version="1.0" encoding="UTF-8"?>
<testsuite name="com.illiteratesardine.adventofcode2020.Day3Spec" tests="4" skipped="0" failures="0" errors="0" timestamp="2020-12-24T04:28:17" hostname="Peters-MacBook-Pro-3.local" time="0.333">
  <properties/>
  <testcase name="should calculate part 1" classname="com.illiteratesardine.adventofcode2020.Day3Spec" time="0.264"/>
  <testcase name="should calculate part 1 test" classname="com.illiteratesardine.adventofcode2020.Day3Spec" time="0.004"/>
  <testcase name="should calculate part 2" classname="com.illiteratesardine.adventofcode2020.Day3Spec" time="0.059"/>
  <testcase name="should calculate part 2 test" classname="com.illiteratesardine.adventofcode2020.Day3Spec" time="0.003"/>
  <system-out><![CDATA[]]></system-out>
  <system-err><![CDATA[]]></system-err>
</testsuite>
